
=== Sat Jul 10 21:04:04 2021

Packages were changed.
Update Mode: mergeDefaultDependencies

The following packages were updated:
  com.unity.analytics from version 3.2.2 to 3.3.2
  com.unity.collab-proxy from version 1.2.9 to 1.2.16
  com.unity.package-manager-ui from version 2.1.1 to 2.1.2
  com.unity.purchasing from version 2.0.1 to 2.0.6
  com.unity.textmeshpro from version 1.3.0 to 2.0.1
  com.unity.timeline from version 0.0.0-builtin to 1.0.0

<<<<<<< HEAD
=== Mon Jul 21 10:47:53 2025
=======
=== Sat Feb  3 12:20:43 2024
>>>>>>> uniryversionup

Packages were changed.
Update Mode: updateDependencies

The following packages were added:
  com.unity.2d.sprite@1.0.0
  com.unity.2d.tilemap@1.0.0
<<<<<<< HEAD
  com.unity.ide.rider@1.2.1
  com.unity.ide.visualstudio@2.0.15
  com.unity.ide.vscode@1.2.5
  com.unity.modules.androidjni@1.0.0
  com.unity.test-framework@1.1.31
=======
  com.unity.ide.rider@2.0.7
  com.unity.ide.visualstudio@2.0.14
  com.unity.ide.vscode@1.2.4
  com.unity.modules.androidjni@1.0.0
  com.unity.test-framework@1.1.29
>>>>>>> uniryversionup
  com.unity.ugui@1.0.0
The following packages were updated:
  com.unity.ads from version 2.0.8 to 3.7.5
  com.unity.analytics from version 3.3.2 to 3.6.12
<<<<<<< HEAD
  com.unity.collab-proxy from version 1.2.16 to 1.14.18
  com.unity.purchasing from version 2.0.6 to 4.1.5
  com.unity.textmeshpro from version 2.0.1 to 2.1.4
  com.unity.timeline from version 1.0.0 to 1.2.18
=======
  com.unity.collab-proxy from version 1.2.16 to 1.15.12
  com.unity.purchasing from version 2.0.6 to 4.1.2
  com.unity.textmeshpro from version 2.0.1 to 3.0.6
  com.unity.timeline from version 1.0.0 to 1.4.8
>>>>>>> uniryversionup
The following packages were removed:
  com.unity.package-manager-ui@2.1.2

=== Mon Jul 21 11:27:29 2025

Packages were changed.
Update Mode: updateDependencies

The following packages were added:
  com.unity.ai.navigation@1.1.5
The following packages were updated:
  com.unity.analytics from version 3.6.12 to 3.8.1
  com.unity.collab-proxy from version 1.15.12 to 2.2.0
  com.unity.ide.rider from version 2.0.7 to 3.0.27
  com.unity.ide.visualstudio from version 2.0.14 to 2.0.22
  com.unity.ide.vscode from version 1.2.4 to 1.2.5
  com.unity.test-framework from version 1.1.29 to 1.1.33
  com.unity.timeline from version 1.4.8 to 1.7.6

=== Wed Aug 27 23:42:45 2025

Packages were changed.
Update Mode: updateDependencies

The following packages were added:
  com.unity.modules.accessibility@1.0.0
  com.unity.multiplayer.center@1.0.0
The following packages were updated:
  com.unity.ai.navigation from version 1.1.5 to 2.0.5
  com.unity.collab-proxy from version 2.2.0 to 2.6.0
  com.unity.ide.rider from version 3.0.27 to 3.0.31
  com.unity.test-framework from version 1.1.33 to 1.4.5
  com.unity.timeline from version 1.7.6 to 1.8.7
  com.unity.ugui from version 1.0.0 to 2.0.0
The following packages were removed:
  com.unity.textmeshpro@3.0.6
